<?xml version="1.0" encoding="UTF-8"?>
<testsuite xmlns:xsi="http://www.w3.org/2001/XMLSchema-instance" xsi:noNamespaceSchemaLocation="https://maven.apache.org/surefire/maven-surefire-plugin/xsd/surefire-test-report.xsd" name="com.maxicorrea.javapricingtablesapi.utils.RepositoryUtilsTest" time="0.052" tests="2" errors="0" skipped="0" failures="0">
  <properties>
[...]
</properties>
  <testcase name="testToStringValueInTheMap" classname="com.maxicorrea.javapricingtablesapi.utils.RepositoryUtilsTest" time="0.032"/>
  <testcase name="testToIntegerValueInTheMap" classname="com.maxicorrea.javapricingtablesapi.utils.RepositoryUtilsTest" time="0.002"/>
</testsuite>